Using pre-set license
Built from '2020.3/staging' branch; Version is '2020.3.28f1 (f5400f52e03f) revision 16072719'; Using compiler version '192528614'; Build Type 'Release'
OS: 'Windows 10  (10.0.19044) 64bit Professional' Language: 'ko' Physical Memory: 16318 MB
BatchMode: 1, IsHumanControllingUs: 0, StartBugReporterOnCrash: 0, Is64bit: 1, IsPro: 0

COMMAND LINE ARGUMENTS:
C:\Program Files\Unity\Hub\Editor\2020.3.28f1\Editor\Unity.exe
-adb2
-batchMode
-noUpm
-name
AssetImportWorker0
-projectPath
D:/Unity/GitHub/3TeamProject/3TeamProject
-logFile
Logs/AssetImportWorker0.log
-srvPort
60918
Successfully changed project path to: D:/Unity/GitHub/3TeamProject/3TeamProject
D:/Unity/GitHub/3TeamProject/3TeamProject
Using Asset Import Pipeline V2.
Refreshing native plugins compatible for Editor in 36.70 ms, found 3 plugins.
Preloading 0 native plugins for Editor in 0.00 ms.
Initialize engine version: 2020.3.28f1 (f5400f52e03f)
[Subsystems] Discovering subsystems at path C:/Program Files/Unity/Hub/Editor/2020.3.28f1/Editor/Data/Resources/UnitySubsystems
[Subsystems] Discovering subsystems at path D:/Unity/GitHub/3TeamProject/3TeamProject/Assets
GfxDevice: creating device client; threaded=0
Direct3D:
    Version:  Direct3D 11.0 [level 11.1]
    Renderer: NVIDIA GeForce GTX 1060 6GB (ID=0x1c03)
    Vendor:   
    VRAM:     6052 MB
    Driver:   27.21.14.5751
Initialize mono
Mono path[0] = 'C:/Program Files/Unity/Hub/Editor/2020.3.28f1/Editor/Data/Managed'
Mono path[1] = 'C:/Program Files/Unity/Hub/Editor/2020.3.28f1/Editor/Data/MonoBleedingEdge/lib/mono/unityjit'
Mono config path = 'C:/Program Files/Unity/Hub/Editor/2020.3.28f1/Editor/Data/MonoBleedingEdge/etc'
Using monoOptions --debugger-agent=transport=dt_socket,embedding=1,server=y,suspend=n,address=127.0.0.1:56824
Begin MonoManager ReloadAssembly
Registering precompiled unity dll's ...
Register platform support module: C:/Program Files/Unity/Hub/Editor/2020.3.28f1/Editor/Data/PlaybackEngines/WindowsStandaloneSupport/UnityEditor.WindowsStandalone.Extensions.dll
Registered in 0.001727 seconds.
Native extension for WindowsStandalone target not found
Refreshing native plugins compatible for Editor in 35.48 ms, found 3 plugins.
Preloading 0 native plugins for Editor in 0.00 ms.
Mono: successfully reloaded assembly
- Completed reload, in  0.481 seconds
Domain Reload Profiling:
	ReloadAssembly (481ms)
		BeginReloadAssembly (56ms)
			ExecutionOrderSort (0ms)
			DisableScriptedObjects (0ms)
			BackupInstance (0ms)
			ReleaseScriptingObjects (0ms)
			CreateAndSetChildDomain (1ms)
		EndReloadAssembly (367ms)
			LoadAssemblies (54ms)
			RebuildTransferFunctionScriptingTraits (0ms)
			SetupTypeCache (123ms)
			ReleaseScriptCaches (0ms)
			RebuildScriptCaches (24ms)
			SetupLoadedEditorAssemblies (138ms)
				LogAssemblyErrors (0ms)
				InitializePlatformSupportModulesInManaged (3ms)
				SetLoadedEditorAssemblies (0ms)
				RefreshPlugins (36ms)
				BeforeProcessingInitializeOnLoad (14ms)
				ProcessInitializeOnLoadAttributes (63ms)
				ProcessInitializeOnLoadMethodAttributes (22ms)
				AfterProcessingInitializeOnLoad (0ms)
				EditorAssembliesLoaded (0ms)
			ExecutionOrderSort2 (0ms)
			AwakeInstancesAfterBackupRestoration (0ms)
Platform modules already initialized, skipping
Registering precompiled user dll's ...
Registered in 0.002783 seconds.
Begin MonoManager ReloadAssembly
Native extension for WindowsStandalone target not found
Refreshing native plugins compatible for Editor in 34.81 ms, found 3 plugins.
Preloading 0 native plugins for Editor in 0.00 ms.
Mono: successfully reloaded assembly
- Completed reload, in  0.924 seconds
Domain Reload Profiling:
	ReloadAssembly (925ms)
		BeginReloadAssembly (123ms)
			ExecutionOrderSort (0ms)
			DisableScriptedObjects (4ms)
			BackupInstance (0ms)
			ReleaseScriptingObjects (0ms)
			CreateAndSetChildDomain (15ms)
		EndReloadAssembly (752ms)
			LoadAssemblies (80ms)
			RebuildTransferFunctionScriptingTraits (0ms)
			SetupTypeCache (261ms)
			ReleaseScriptCaches (0ms)
			RebuildScriptCaches (39ms)
			SetupLoadedEditorAssemblies (278ms)
				LogAssemblyErrors (0ms)
				InitializePlatformSupportModulesInManaged (3ms)
				SetLoadedEditorAssemblies (0ms)
				RefreshPlugins (35ms)
				BeforeProcessingInitializeOnLoad (63ms)
				ProcessInitializeOnLoadAttributes (158ms)
				ProcessInitializeOnLoadMethodAttributes (13ms)
				AfterProcessingInitializeOnLoad (6ms)
				EditorAssembliesLoaded (0ms)
			ExecutionOrderSort2 (0ms)
			AwakeInstancesAfterBackupRestoration (5ms)
Platform modules already initialized, skipping
========================================================================
Worker process is ready to serve import requests
Launched and connected shader compiler UnityShaderCompiler.exe after 0.06 seconds
Refreshing native plugins compatible for Editor in 0.41 ms, found 3 plugins.
Preloading 0 native plugins for Editor in 0.00 ms.
Unloading 2196 Unused Serialized files (Serialized files now loaded: 0)
System memory in use before: 98.5 MB.
System memory in use after: 98.4 MB.

Unloading 34 unused Assets to reduce memory usage. Loaded Objects now: 2623.
Total: 2.397000 ms (FindLiveObjects: 0.126300 ms CreateObjectMapping: 0.062200 ms MarkObjects: 2.099200 ms  DeleteObjects: 0.108700 ms)

AssetImportParameters requested are different than current active one (requested -> active):
  custom:framework-win-MediaFoundation: 216162199b28c13a410421893ffa2e32 -> 
  custom:video-decoder-ogg-theora: a1e56fd34408186e4bbccfd4996cb3dc -> 
  custom:container-muxer-webm: aa71ff27fc2769a1b78a27578f13a17b -> 
  custom:container-demuxer-webm: 4f35f7cbe854078d1ac9338744f61a02 -> 
  custom:container-demuxer-ogg: 62fdf1f143b41e24485cea50d1cbac27 -> 
  custom:video-encoder-webm-vp8: eb34c28f22e8b96e1ab97ce403110664 -> 
  custom:video-decoder-webm-vp8: 9c59270c3fd7afecdb556c50c9e8de78 -> 
  custom:audio-decoder-ogg-vorbis: bf7c407c2cedff20999df2af8eb42d56 -> 
  custom:audio-encoder-webm-vorbis: bf7c407c2cedff20999df2af8eb42d56 -> 
========================================================================
Received Import Request.
  path: Assets/00.Scenes
  artifactKey: Guid(131a6b21c8605f84396be9f6751fb6e3) Importer(815301076,1909f56bfc062723c751e8b465ee728b)
Start importing Assets/00.Scenes using Guid(131a6b21c8605f84396be9f6751fb6e3) Importer(815301076,1909f56bfc062723c751e8b465ee728b)  -> (artifact id: 'b960d109628cfcbc9adad87e80b222a6') in 0.029015 seconds 
  Import took 0.031550 seconds .

========================================================================
Received Import Request.
  Time since last request: 0.364760 seconds.
  path: Assets
  artifactKey: Guid(00000000000000001000000000000000) Importer(815301076,1909f56bfc062723c751e8b465ee728b)
Start importing Assets using Guid(00000000000000001000000000000000) Importer(815301076,1909f56bfc062723c751e8b465ee728b)  -> (artifact id: '42d402b061de3733987d63b9cc3b64de') in 0.005917 seconds 
  Import took 0.009021 seconds .

========================================================================
Received Import Request.
  Time since last request: 9.988515 seconds.
  path: Assets/01.Poto
  artifactKey: Guid(cf43e5547218c354593d44d8d0b3c510) Importer(815301076,1909f56bfc062723c751e8b465ee728b)
Start importing Assets/01.Poto using Guid(cf43e5547218c354593d44d8d0b3c510) Importer(815301076,1909f56bfc062723c751e8b465ee728b)  -> (artifact id: '25554fbd4e128511f3571019f6809891') in 0.006986 seconds 
  Import took 0.010476 seconds .

========================================================================
Received Import Request.
  Time since last request: 4.484118 seconds.
  path: Assets/01.Image
  artifactKey: Guid(cf43e5547218c354593d44d8d0b3c510) Importer(815301076,1909f56bfc062723c751e8b465ee728b)
Start importing Assets/01.Image using Guid(cf43e5547218c354593d44d8d0b3c510) Importer(815301076,1909f56bfc062723c751e8b465ee728b)  -> (artifact id: '155b8f9b2009b75660a829d42ae8a4e3') in 0.006579 seconds 
  Import took 0.010061 seconds .

========================================================================
Received Import Request.
  Time since last request: 94.120935 seconds.
  path: Assets/00.Scenes/SampleScene.unity
  artifactKey: Guid(2cda990e2423bbf4892e6590ba056729) Importer(815301076,1909f56bfc062723c751e8b465ee728b)
Start importing Assets/00.Scenes/SampleScene.unity using Guid(2cda990e2423bbf4892e6590ba056729) Importer(815301076,1909f56bfc062723c751e8b465ee728b)  -> (artifact id: '1333ee985c8b405feb81c7cbd2e221fc') in 0.012322 seconds 
  Import took 0.016605 seconds .

========================================================================
Received Import Request.
  Time since last request: 14.919031 seconds.
  path: Assets/00.Scenes/Scenes1.unity
  artifactKey: Guid(2cda990e2423bbf4892e6590ba056729) Importer(815301076,1909f56bfc062723c751e8b465ee728b)
Start importing Assets/00.Scenes/Scenes1.unity using Guid(2cda990e2423bbf4892e6590ba056729) Importer(815301076,1909f56bfc062723c751e8b465ee728b)  -> (artifact id: 'e6e310ca77f7f2efcb561eeba1b8fd20') in 0.008706 seconds 
  Import took 0.013454 seconds .

========================================================================
Received Import Request.
  Time since last request: 126.316726 seconds.
  path: Assets/01.Image/1.jpg
  artifactKey: Guid(37fe004c2d16cb7438e1b50d9726c0dc) Importer(815301076,1909f56bfc062723c751e8b465ee728b)
Start importing Assets/01.Image/1.jpg using Guid(37fe004c2d16cb7438e1b50d9726c0dc) Importer(815301076,1909f56bfc062723c751e8b465ee728b)  -> (artifact id: '6e8c8a49d66c8a5b3827af12fd081d7b') in 0.084660 seconds 
  Import took 0.087507 seconds .

========================================================================
Received Import Request.
  Time since last request: 198.296797 seconds.
  path: Assets/01.Image/3.jpg
  artifactKey: Guid(2a752b8262b75384ca628134ce35c031) Importer(815301076,1909f56bfc062723c751e8b465ee728b)
Start importing Assets/01.Image/3.jpg using Guid(2a752b8262b75384ca628134ce35c031) Importer(815301076,1909f56bfc062723c751e8b465ee728b)  -> (artifact id: 'a7088f0f65e7bb404a78ccf237d8edbf') in 0.040056 seconds 
  Import took 0.042859 seconds .

========================================================================
Received Import Request.
  Time since last request: 403.542614 seconds.
  path: Assets/02.Animation
  artifactKey: Guid(1da8ea1ef6e74564f8918248f90ebcfc) Importer(815301076,1909f56bfc062723c751e8b465ee728b)
Start importing Assets/02.Animation using Guid(1da8ea1ef6e74564f8918248f90ebcfc) Importer(815301076,1909f56bfc062723c751e8b465ee728b)  -> (artifact id: '4262ca80677c108b82168c486b21d909') in 0.005820 seconds 
  Import took 0.009697 seconds .

========================================================================
Received Import Request.
  Time since last request: 6.724040 seconds.
  path: Assets/01.Image/Start.anim
  artifactKey: Guid(3790fe7eeba0ee847b6c5aa2dc9d8bd9) Importer(815301076,1909f56bfc062723c751e8b465ee728b)
Start importing Assets/01.Image/Start.anim using Guid(3790fe7eeba0ee847b6c5aa2dc9d8bd9) Importer(815301076,1909f56bfc062723c751e8b465ee728b)  -> (artifact id: '375827b23f4118707a5158676328af97') in 0.009932 seconds 
  Import took 0.013408 seconds .

========================================================================
Received Import Request.
  Time since last request: 6.213854 seconds.
  path: Assets/02.Animation/Panel.controller
  artifactKey: Guid(58a28a9f57dc7c94a89b2febed1d6239) Importer(815301076,1909f56bfc062723c751e8b465ee728b)
Start importing Assets/02.Animation/Panel.controller using Guid(58a28a9f57dc7c94a89b2febed1d6239) Importer(815301076,1909f56bfc062723c751e8b465ee728b)  -> (artifact id: '9b29284846b58ab8c80cd1511abe1723') in 0.007313 seconds 
  Import took 0.010357 seconds .

========================================================================
Received Import Request.
  Time since last request: 129.748828 seconds.
  path: Packages/com.unity.2d.spriteshape/Editor/ObjectMenuCreation/DefaultAssets/Sprite Shapes/Closed Sprite Shape.prefab
  artifactKey: Guid(c0583b4e855c74b8c82e7b9b5efb5ce9) Importer(815301076,1909f56bfc062723c751e8b465ee728b)
Start importing Packages/com.unity.2d.spriteshape/Editor/ObjectMenuCreation/DefaultAssets/Sprite Shapes/Closed Sprite Shape.prefab using Guid(c0583b4e855c74b8c82e7b9b5efb5ce9) Importer(815301076,1909f56bfc062723c751e8b465ee728b)  -> (artifact id: '2d633a999cd0db5a929fdc6b8a7f437c') in 0.042718 seconds 
  Import took 0.045533 seconds .

========================================================================
Received Import Request.
  Time since last request: 0.000236 seconds.
  path: Packages/com.unity.2d.spriteshape/Editor/ObjectMenuCreation/DefaultAssets/Sprite Shapes/Open Sprite Shape.prefab
  artifactKey: Guid(86ae7de409eb54f619fb1328e4d42480) Importer(815301076,1909f56bfc062723c751e8b465ee728b)
Start importing Packages/com.unity.2d.spriteshape/Editor/ObjectMenuCreation/DefaultAssets/Sprite Shapes/Open Sprite Shape.prefab using Guid(86ae7de409eb54f619fb1328e4d42480) Importer(815301076,1909f56bfc062723c751e8b465ee728b)  -> (artifact id: 'c78a7b90d603d0a33c7b4e3280488626') in 0.009729 seconds 
  Import took 0.012567 seconds .

========================================================================
Received Import Request.
  Time since last request: 14.491310 seconds.
  path: Assets/04.Script
  artifactKey: Guid(0889781e871b12944bdb95400a895ea7) Importer(815301076,1909f56bfc062723c751e8b465ee728b)
Start importing Assets/04.Script using Guid(0889781e871b12944bdb95400a895ea7) Importer(815301076,1909f56bfc062723c751e8b465ee728b)  -> (artifact id: '239b3881219e68f9b4feba09c9baf8a5') in 0.005047 seconds 
  Import took 0.008005 seconds .

========================================================================
Received Import Request.
  Time since last request: 15.129460 seconds.
  path: Assets/04.Script/IntroManager.cs
  artifactKey: Guid(81cb07882845ca64784214a74984abbe) Importer(815301076,1909f56bfc062723c751e8b465ee728b)
Start importing Assets/04.Script/IntroManager.cs using Guid(81cb07882845ca64784214a74984abbe) Importer(815301076,1909f56bfc062723c751e8b465ee728b)  -> (artifact id: 'b2797651e4710e2c3893bb383297c0c4') in 0.011040 seconds 
  Import took 0.016275 seconds .

========================================================================
Received Prepare
Registering precompiled user dll's ...
Registered in 0.003820 seconds.
Begin MonoManager ReloadAssembly
Native extension for WindowsStandalone target not found
Refreshing native plugins compatible for Editor in 0.50 ms, found 3 plugins.
Preloading 0 native plugins for Editor in 0.00 ms.
Mono: successfully reloaded assembly
- Completed reload, in  1.185 seconds
Domain Reload Profiling:
	ReloadAssembly (1185ms)
		BeginReloadAssembly (176ms)
			ExecutionOrderSort (0ms)
			DisableScriptedObjects (7ms)
			BackupInstance (0ms)
			ReleaseScriptingObjects (0ms)
			CreateAndSetChildDomain (41ms)
		EndReloadAssembly (890ms)
			LoadAssemblies (162ms)
			RebuildTransferFunctionScriptingTraits (0ms)
			SetupTypeCache (309ms)
			ReleaseScriptCaches (1ms)
			RebuildScriptCaches (41ms)
			SetupLoadedEditorAssemblies (305ms)
				LogAssemblyErrors (0ms)
				InitializePlatformSupportModulesInManaged (5ms)
				SetLoadedEditorAssemblies (0ms)
				RefreshPlugins (1ms)
				BeforeProcessingInitializeOnLoad (74ms)
				ProcessInitializeOnLoadAttributes (207ms)
				ProcessInitializeOnLoadMethodAttributes (12ms)
				AfterProcessingInitializeOnLoad (6ms)
				EditorAssembliesLoaded (0ms)
			ExecutionOrderSort2 (0ms)
			AwakeInstancesAfterBackupRestoration (9ms)
Platform modules already initialized, skipping
Refreshing native plugins compatible for Editor in 0.44 ms, found 3 plugins.
Preloading 0 native plugins for Editor in 0.00 ms.
Unloading 2192 Unused Serialized files (Serialized files now loaded: 0)
System memory in use before: 101.5 MB.
System memory in use after: 101.5 MB.

Unloading 23 unused Assets to reduce memory usage. Loaded Objects now: 2638.
Total: 2.482800 ms (FindLiveObjects: 0.143500 ms CreateObjectMapping: 0.069700 ms MarkObjects: 2.172400 ms  DeleteObjects: 0.096600 ms)

AssetImportParameters requested are different than current active one (requested -> active):
  custom:framework-win-MediaFoundation: 216162199b28c13a410421893ffa2e32 -> 
  custom:video-decoder-ogg-theora: a1e56fd34408186e4bbccfd4996cb3dc -> 
  custom:container-muxer-webm: aa71ff27fc2769a1b78a27578f13a17b -> 
  custom:container-demuxer-webm: 4f35f7cbe854078d1ac9338744f61a02 -> 
  custom:container-demuxer-ogg: 62fdf1f143b41e24485cea50d1cbac27 -> 
  custom:video-encoder-webm-vp8: eb34c28f22e8b96e1ab97ce403110664 -> 
  custom:video-decoder-webm-vp8: 9c59270c3fd7afecdb556c50c9e8de78 -> 
  custom:audio-decoder-ogg-vorbis: bf7c407c2cedff20999df2af8eb42d56 -> 
  custom:audio-encoder-webm-vorbis: bf7c407c2cedff20999df2af8eb42d56 -> 
========================================================================
Received Import Request.
  Time since last request: 171.664908 seconds.
  path: Assets/00.Scenes/Scenes2.unity
  artifactKey: Guid(aa7c1f6fa21edba40994e99b916dfdce) Importer(815301076,1909f56bfc062723c751e8b465ee728b)
Start importing Assets/00.Scenes/Scenes2.unity using Guid(aa7c1f6fa21edba40994e99b916dfdce) Importer(815301076,1909f56bfc062723c751e8b465ee728b)  -> (artifact id: '753b15082affab03b0877405e8f16507') in 0.015293 seconds 
  Import took 0.018746 seconds .

========================================================================
Received Import Request.
  Time since last request: 105.092921 seconds.
  path: Assets/00.Scenes/Scenes3.unity
  artifactKey: Guid(fd3f608b7795923418dd4bc502b659fe) Importer(815301076,1909f56bfc062723c751e8b465ee728b)
Start importing Assets/00.Scenes/Scenes3.unity using Guid(fd3f608b7795923418dd4bc502b659fe) Importer(815301076,1909f56bfc062723c751e8b465ee728b)  -> (artifact id: 'f584405953c9069908a242aefd3a010b') in 0.005603 seconds 
  Import took 0.008886 seconds .

========================================================================
Received Import Request.
  Time since last request: 11.805813 seconds.
  path: Assets/00.Scenes/Scenes1.unity
  artifactKey: Guid(2cda990e2423bbf4892e6590ba056729) Importer(815301076,1909f56bfc062723c751e8b465ee728b)
Start importing Assets/00.Scenes/Scenes1.unity using Guid(2cda990e2423bbf4892e6590ba056729) Importer(815301076,1909f56bfc062723c751e8b465ee728b)  -> (artifact id: '30b72337f3b50761b7275f6789c7ee37') in 0.005639 seconds 
  Import took 0.009010 seconds .

========================================================================
Received Import Request.
  Time since last request: 34.483488 seconds.
  path: Assets/00.Scenes/Scenes0.unity
  artifactKey: Guid(187d419e03117444f8105b3d34bfa32a) Importer(815301076,1909f56bfc062723c751e8b465ee728b)
Start importing Assets/00.Scenes/Scenes0.unity using Guid(187d419e03117444f8105b3d34bfa32a) Importer(815301076,1909f56bfc062723c751e8b465ee728b)  -> (artifact id: '5f40a2ea90189e9e457220a8313b8dc3') in 0.006225 seconds 
  Import took 0.009768 seconds .

========================================================================
Received Import Request.
  Time since last request: 130.577233 seconds.
  path: Assets/00.Scenes/Scenes2.unity
  artifactKey: Guid(aa7c1f6fa21edba40994e99b916dfdce) Importer(815301076,1909f56bfc062723c751e8b465ee728b)
Start importing Assets/00.Scenes/Scenes2.unity using Guid(aa7c1f6fa21edba40994e99b916dfdce) Importer(815301076,1909f56bfc062723c751e8b465ee728b)  -> (artifact id: '467c45dbd257f09c1b98e159a07e329e') in 0.002312 seconds 
  Import took 0.005357 seconds .

========================================================================
Received Import Request.
  Time since last request: 42.184157 seconds.
  path: Assets/01.Image/2.jpg
  artifactKey: Guid(78e32a61ed9fb3b4182391dfc203c4ab) Importer(815301076,1909f56bfc062723c751e8b465ee728b)
Start importing Assets/01.Image/2.jpg using Guid(78e32a61ed9fb3b4182391dfc203c4ab) Importer(815301076,1909f56bfc062723c751e8b465ee728b)  -> (artifact id: '034e218712ae92a7d11ea447dc8b18bc') in 0.045788 seconds 
  Import took 0.048607 seconds .

========================================================================
Received Import Request.
  Time since last request: 32.105969 seconds.
  path: Assets/04.Script/ChangScenes.cs
  artifactKey: Guid(19788af39c8d55e48b0695e6514870f0) Importer(815301076,1909f56bfc062723c751e8b465ee728b)
Start importing Assets/04.Script/ChangScenes.cs using Guid(19788af39c8d55e48b0695e6514870f0) Importer(815301076,1909f56bfc062723c751e8b465ee728b)  -> (artifact id: '16d260d6e112b58d8e4c97a6365fd79c') in 0.005452 seconds 
  Import took 0.009182 seconds .

========================================================================
Received Prepare
Registering precompiled user dll's ...
Registered in 0.002631 seconds.
Begin MonoManager ReloadAssembly
Native extension for WindowsStandalone target not found
Refreshing native plugins compatible for Editor in 0.42 ms, found 3 plugins.
Preloading 0 native plugins for Editor in 0.00 ms.
Mono: successfully reloaded assembly
- Completed reload, in  0.874 seconds
Domain Reload Profiling:
	ReloadAssembly (875ms)
		BeginReloadAssembly (98ms)
			ExecutionOrderSort (0ms)
			DisableScriptedObjects (5ms)
			BackupInstance (0ms)
			ReleaseScriptingObjects (0ms)
			CreateAndSetChildDomain (29ms)
		EndReloadAssembly (723ms)
			LoadAssemblies (80ms)
			RebuildTransferFunctionScriptingTraits (0ms)
			SetupTypeCache (245ms)
			ReleaseScriptCaches (1ms)
			RebuildScriptCaches (40ms)
			SetupLoadedEditorAssemblies (274ms)
				LogAssemblyErrors (0ms)
				InitializePlatformSupportModulesInManaged (4ms)
				SetLoadedEditorAssemblies (0ms)
				RefreshPlugins (0ms)
				BeforeProcessingInitializeOnLoad (71ms)
				ProcessInitializeOnLoadAttributes (183ms)
				ProcessInitializeOnLoadMethodAttributes (9ms)
				AfterProcessingInitializeOnLoad (6ms)
				EditorAssembliesLoaded (0ms)
			ExecutionOrderSort2 (0ms)
			AwakeInstancesAfterBackupRestoration (8ms)
Platform modules already initialized, skipping
Refreshing native plugins compatible for Editor in 0.45 ms, found 3 plugins.
Preloading 0 native plugins for Editor in 0.00 ms.
Unloading 2193 Unused Serialized files (Serialized files now loaded: 0)
System memory in use before: 101.6 MB.
System memory in use after: 101.6 MB.

Unloading 23 unused Assets to reduce memory usage. Loaded Objects now: 2644.
Total: 2.656900 ms (FindLiveObjects: 0.144000 ms CreateObjectMapping: 0.078400 ms MarkObjects: 2.270200 ms  DeleteObjects: 0.162900 ms)

AssetImportParameters requested are different than current active one (requested -> active):
  custom:framework-win-MediaFoundation: 216162199b28c13a410421893ffa2e32 -> 
  custom:video-decoder-ogg-theora: a1e56fd34408186e4bbccfd4996cb3dc -> 
  custom:container-muxer-webm: aa71ff27fc2769a1b78a27578f13a17b -> 
  custom:container-demuxer-webm: 4f35f7cbe854078d1ac9338744f61a02 -> 
  custom:container-demuxer-ogg: 62fdf1f143b41e24485cea50d1cbac27 -> 
  custom:video-encoder-webm-vp8: eb34c28f22e8b96e1ab97ce403110664 -> 
  custom:video-decoder-webm-vp8: 9c59270c3fd7afecdb556c50c9e8de78 -> 
  custom:audio-decoder-ogg-vorbis: bf7c407c2cedff20999df2af8eb42d56 -> 
  custom:audio-encoder-webm-vorbis: bf7c407c2cedff20999df2af8eb42d56 -> 
AssetImportWorkerClient::OnTransportError - code=2 error=End of file
